MPASM 5.67                         ACT13.ASM   5-4-2021  18:44:23         PAGE  1


LOC  OBJECT CODE     LINE SOURCE TEXT
  VALUE

                      00001  List P=16F84A                      ; Procesador PIC16f84A
                      00002     #include "p16f84a.inc"      ;Incluye las librerias 
                      00001         LIST
                      00002 
                      00003 ;==========================================================================
                      00004 ; Build date : Mar 21 2016
                      00005 ;  MPASM PIC16F84A processor include
                      00006 ; 
                      00007 ;  (c) Copyright 1999-2016 Microchip Technology, All rights reserved
                      00008 ;==========================================================================
                      00009 
                      00209         LIST
                      00003         
                      00004     ; CONFIGURACION DEL PIC16F84A
2007   3FF1           00005      __CONFIG _FOSC_XT & _WDTE_OFF & _PWRTE_ON & _CP_OFF
                      00006 
                      00007     ;Definimos Variables 
                      00008     CBLOCK  0x0C
  0000000C            00009         FlagNcs     ; Bandera
  0000000D            00010         Contador
  0000000E            00011         Periodo_10ms
  0000000F            00012         NumT
  00000010            00013         DL
  00000011            00014         DH
  00000012            00015         W_Temp
  00000013            00016         STATUS_Temp
  00000014            00017         Cont_Temp
  00000015            00018         Resultado
                      00019     ENDC  
                      00020     ;CODIGO
                      00021         ORG     00h
0000   2???           00022         GOTO    INICIO
                      00023         ORG     04h
0004   2???           00024         GOTO    RTINCS          
Warning[207]: Found label after column 1. (FLAGNCS_PORTB)
0005                  00025     FLAGNCS_PORTB
0005   018C           00026         CLRF    FlagNcs 
Message[305]: Using default destination of 1 (file).
0006   0A86           00027         INCF    PORTB           ; PortB := PortB+1.
0007   0008           00028         RETURN
Warning[207]: Found label after column 1. (FLAGNCS_1)
0008                  00029     FLAGNCS_1
0008   3001           00030         MOVLW   d'1'
0009   008C           00031         MOVWF   FlagNcs 
000A   0008           00032         RETURN
Warning[207]: Found label after column 1. (MULTIPLICA)
000B                  00033     MULTIPLICA
000B   0191           00034         CLRF    DH
000C   0190           00035         CLRF    DL
000D   0806           00036         MOVF    PORTB,W         ;W = multiplicador
000E   008F           00037         MOVWF   NumT
000F   1903           00038         BTFSC   STATUS,Z        ;Salta si Z=1
0010   2???           00039         GOTO    BUCLE           ;Z=0 multiplicador=0
MPASM 5.67                         ACT13.ASM   5-4-2021  18:44:23         PAGE  2


LOC  OBJECT CODE     LINE SOURCE TEXT
  VALUE

Warning[207]: Found label after column 1. (BUCLE_MULTIPLICA)
0011                  00040     BUCLE_MULTIPLICA
0011   0810           00041         MOVF    DL,W            ;W=DL
0012   0705           00042         ADDWF   PORTA,W         ;W += multiplicando
0013   0090           00043         MOVWF   DL              ;DL=W
0014   1803           00044         BTFSC   STATUS,C        ;Salta si C=0
0015   0C91           00045         RRF     DH,F            ;incf    DH,F
Warning[207]: Found label after column 1. (RESTO)
0016                  00046     RESTO
0016   0B8F           00047         DECFSZ  NumT,F          ;multiplicador-1
0017   2???           00048         GOTO    BUCLE_MULTIPLICA;no hemos acabado
0018   0008           00049         RETURN
Warning[207]: Found label after column 1. (INICIO)
0019                  00050     INICIO
0019   1683           00051         BSF     STATUS,RP0
001A   3007           00052         MOVLW   B'00000111'; 256 PRESCALER TMR0
Message[302]: Register in operand not in bank 0.  Ensure that bank bits are correct.
001B   0186           00053         CLRF    TRISB
001C   301F           00054         MOVLW   B'00011111'
Message[302]: Register in operand not in bank 0.  Ensure that bank bits are correct.
001D   0185           00055         CLRF    TRISA           
001E   3007           00056         MOVLW   b'00000111'     ; Se selecciona TMR0 modo temporizador y preescaler de 1/256.
Message[302]: Register in operand not in bank 0.  Ensure that bank bits are correct.
001F   0081           00057         MOVWF   OPTION_REG 
0020   1283           00058         BCF     STATUS,RP0
0021   30A0           00059         MOVLW   B'10100000'
0022   008B           00060         MOVWF   INTCON          ; Habiltar timer0 y global respectivamente (T0IE - GIE) 
0023   3002           00061         MOVLW   b'00000010'     ; Ponemos un valor en PORTA
0024   0085           00062         MOVWF   PORTA 
0025   3000           00063         MOVLW   b'00000000'     ; Ponemos un valor en PORTB
0026   0086           00064         MOVWF   PORTB 
0027   30D8           00065         MOVLW   d'216'
0028   008E           00066         MOVWF   Periodo_10ms    ; 39*256= 9984us ~ 10ms
0029   3064           00067         MOVLW   d'100'
002A   008D           00068         MOVWF   Contador        ; 100*10ms= 1000ms ~ 1s
                      00069         ;**** Bucle ****
Warning[207]: Found label after column 1. (BUCLE)
002B                  00070     BUCLE
002B   180C           00071         BTFSC   FlagNcs,0 
002C   2???           00072         CALL    FLAGNCS_PORTB
002D   2???           00073         CALL    MULTIPLICA      ; Hacemos la multiplicacion
002E   0095           00074         MOVWF   Resultado       ; Guardamos el resultado de la multiplicacion
002F   2???           00075         GOTO    BUCLE           
Warning[207]: Found label after column 1. (INT1CS)
0030                  00076     INT1CS
0030   300E           00077         MOVLW   Periodo_10ms    
0031   0081           00078         MOVWF   TMR0
0032   0008           00079         RETURN
                      00080     ;INTERRUPCION desactivar flag interrupcion
Warning[207]: Found label after column 1. (RTINCS)
0033                  00081     RTINCS
0033   0092           00082         MOVWF   W_Temp          ; Copiamos W a un registro Temporario.
0034   0E03           00083         SWAPF   STATUS, W       ;Invertimos los nibles del registro STATUS.
MPASM 5.67                         ACT13.ASM   5-4-2021  18:44:23         PAGE  3


LOC  OBJECT CODE     LINE SOURCE TEXT
  VALUE

0035   0093           00084         MOVWF   STATUS_Temp     ; Guardamos STATUS en un registro temporal.
0036   2???           00085         CALL    INT1CS          ; Llamo al retardo de 10ms
0037   0B8D           00086         DECFSZ  Contador,F      ; 100 * 10ms = 1s
0038   2???           00087         GOTO    RTINCS
0039   2???           00088         CALL    FLAGNCS_1       ; Pongo la bandera a 1
003A   3064           00089         MOVLW   d'100'  
003B   008D           00090         MOVWF   Contador        ; Restauro el contador
003C   110B           00091         BCF     INTCON,T0IF     ; Borro bandera de control de Interrupcion.
003D   2???           00092         GOTO    FIN_RTINCS      ; Restauro valores.
Warning[207]: Found label after column 1. (FIN_RTINCS)
003E                  00093     FIN_RTINCS
003E   0E13           00094         SWAPF   STATUS_Temp,W   ; Invertimos lo nibles de STATUS_Temp.
003F   0083           00095         MOVWF   STATUS
0040   0E92           00096         SWAPF   W_Temp,f        ; Invertimos los nibles y lo guardamos en el mismo registro.
0041   0E12           00097         SWAPF   W_Temp,W        ; Invertimos los nibles nuevamente y lo guardamos en W.
0042   0009           00098         RETFIE                  ; Salimos de interrupción.
3FF1                  00099         END
MPASM 5.67                         ACT13.ASM   5-4-2021  18:44:23         PAGE  4


SYMBOL TABLE
  LABEL                             VALUE 

BUCLE                             0000002B
BUCLE_MULTIPLICA                  00000011
C                                 00000000
Cont_Temp                         00000014
Contador                          0000000D
DC                                00000001
DH                                00000011
DL                                00000010
EEADR                             00000009
EECON1                            00000088
EECON2                            00000089
EEDATA                            00000008
EEIE                              00000006
EEIF                              00000004
F                                 00000001
FIN_RTINCS                        0000003E
FLAGNCS_1                         00000008
FLAGNCS_PORTB                     00000005
FSR                               00000004
FlagNcs                           0000000C
GIE                               00000007
INDF                              00000000
INICIO                            00000019
INT1CS                            00000030
INTCON                            0000000B
INTE                              00000004
INTEDG                            00000006
INTF                              00000001
IRP                               00000007
MULTIPLICA                        0000000B
NOT_PD                            00000003
NOT_RBPU                          00000007
NOT_TO                            00000004
NumT                              0000000F
OPTION_REG                        00000081
PCL                               00000002
PCLATH                            0000000A
PORTA                             00000005
PORTB                             00000006
PS0                               00000000
PS1                               00000001
PS2                               00000002
PSA                               00000003
Periodo_10ms                      0000000E
RA0                               00000000
RA1                               00000001
RA2                               00000002
RA3                               00000003
RA4                               00000004
RB0                               00000000
RB1                               00000001
RB2                               00000002
RB3                               00000003
MPASM 5.67                         ACT13.ASM   5-4-2021  18:44:23         PAGE  5


SYMBOL TABLE
  LABEL                             VALUE 

RB4                               00000004
RB5                               00000005
RB6                               00000006
RB7                               00000007
RBIE                              00000003
RBIF                              00000000
RD                                00000000
RESTO                             00000016
RP0                               00000005
RP1                               00000006
RTINCS                            00000033
Resultado                         00000015
STATUS                            00000003
STATUS_Temp                       00000013
T0CS                              00000005
T0IE                              00000005
T0IF                              00000002
T0SE                              00000004
TMR0                              00000001
TMR0IE                            00000005
TMR0IF                            00000002
TRISA                             00000085
TRISA0                            00000000
TRISA1                            00000001
TRISA2                            00000002
TRISA3                            00000003
TRISA4                            00000004
TRISB                             00000086
TRISB0                            00000000
TRISB1                            00000001
TRISB2                            00000002
TRISB3                            00000003
TRISB4                            00000004
TRISB5                            00000005
TRISB6                            00000006
TRISB7                            00000007
W                                 00000000
WR                                00000001
WREN                              00000002
WRERR                             00000003
W_Temp                            00000012
Z                                 00000002
_CONFIG                           00002007
_CP_OFF                           00003FFF
_CP_ON                            0000000F
_DEVID1                           00002006
_FOSC_EXTRC                       00003FFF
_FOSC_HS                          00003FFE
_FOSC_LP                          00003FFC
_FOSC_XT                          00003FFD
_HS_OSC                           00003FFE
_IDLOC0                           00002000
_IDLOC1                           00002001
MPASM 5.67                         ACT13.ASM   5-4-2021  18:44:23         PAGE  6


SYMBOL TABLE
  LABEL                             VALUE 

_IDLOC2                           00002002
_IDLOC3                           00002003
_LP_OSC                           00003FFC
_PWRTE_OFF                        00003FFF
_PWRTE_ON                         00003FF7
_RC_OSC                           00003FFF
_WDTE_OFF                         00003FFB
_WDTE_ON                          00003FFF
_WDT_OFF                          00003FFB
_WDT_ON                           00003FFF
_XT_OSC                           00003FFD
__16F84A                          00000001

Errors   :     0
Warnings :    10 reported,     0 suppressed
Messages :     4 reported,     0 suppressed

