MPASM 5.67                          ACT3.ASM   5-3-2021  18:36:37         PAGE  1


LOC  OBJECT CODE     LINE SOURCE TEXT
  VALUE

                      00001     list p=16F84A
                      00002     include P16F84A.INC
                      00001         LIST
                      00002 
                      00003 ;==========================================================================
                      00004 ; Build date : Mar 21 2016
                      00005 ;  MPASM PIC16F84A processor include
                      00006 ; 
                      00007 ;  (c) Copyright 1999-2016 Microchip Technology, All rights reserved
                      00008 ;==========================================================================
                      00009 
                      00209         LIST
                      00003     
0000                  00004         org     00h                 ;VectordeReset
0000   2805           00005         goto    START         
0005                  00006         org     0x05        ;Vector de interrupcion
Warning[207]: Found label after column 1. (START)
0005                  00007     START             
0005   0186           00008         clrf    PORTB       ;Inicializa los bits de salida
0006   1683           00009         bsf         STATUS,RP0  ;Selecciona la página 1
0007   3000           00010         movlw   b'00000000'     ;Valor para configurar los puertos (todos como salida) copiado al W
Message[302]: Register in operand not in bank 0.  Ensure that bank bits are correct.
0008   0086           00011         movwf   TRISB       ;Fija PORTB<0:7> como salidas
0009   301F           00012         movlw   b'00011111' ;Valor para configurar los puertos (como entrada) copiado al W
Message[302]: Register in operand not in bank 0.  Ensure that bank bits are correct.
000A   0085           00013         movwf   TRISA       ;Fija PORTA<0:4> como entrada
000B   1283           00014         bcf         STATUS,RP0  ;Selecciona la página 0
Warning[207]: Found label after column 1. (BUCLE)
000C                  00015     BUCLE
000C   0805           00016         movf    PORTA,W     ;Leo las entradas
000D   0086           00017         movwf   PORTB       ;Las paso a las salidas
000E   301F           00018         movlw   0x1F        ;w=1F
000F   0205           00019         subwf   PORTA,W     ;Porta-1F
0010   1903           00020         btfsc   STATUS,Z        ;Z=1 -> PORTA=1F
0011   2813           00021         goto    DORMIR      ;Z=1
0012   280C           00022         goto    BUCLE       ;Z=0 -> analizamos las entradas
Warning[207]: Found label after column 1. (DORMIR)
0013                  00023     DORMIR        
0013   0063           00024         sleep
                      00025         end                             ;Fin del programa fuente
MPASM 5.67                          ACT3.ASM   5-3-2021  18:36:37         PAGE  2


SYMBOL TABLE
  LABEL                             VALUE 

BUCLE                             0000000C
C                                 00000000
DC                                00000001
DORMIR                            00000013
EEADR                             00000009
EECON1                            00000088
EECON2                            00000089
EEDATA                            00000008
EEIE                              00000006
EEIF                              00000004
F                                 00000001
FSR                               00000004
GIE                               00000007
INDF                              00000000
INTCON                            0000000B
INTE                              00000004
INTEDG                            00000006
INTF                              00000001
IRP                               00000007
NOT_PD                            00000003
NOT_RBPU                          00000007
NOT_TO                            00000004
OPTION_REG                        00000081
PCL                               00000002
PCLATH                            0000000A
PORTA                             00000005
PORTB                             00000006
PS0                               00000000
PS1                               00000001
PS2                               00000002
PSA                               00000003
RA0                               00000000
RA1                               00000001
RA2                               00000002
RA3                               00000003
RA4                               00000004
RB0                               00000000
RB1                               00000001
RB2                               00000002
RB3                               00000003
RB4                               00000004
RB5                               00000005
RB6                               00000006
RB7                               00000007
RBIE                              00000003
RBIF                              00000000
RD                                00000000
RP0                               00000005
RP1                               00000006
START                             00000005
STATUS                            00000003
T0CS                              00000005
T0IE                              00000005
MPASM 5.67                          ACT3.ASM   5-3-2021  18:36:37         PAGE  3


SYMBOL TABLE
  LABEL                             VALUE 

T0IF                              00000002
T0SE                              00000004
TMR0                              00000001
TMR0IE                            00000005
TMR0IF                            00000002
TRISA                             00000085
TRISA0                            00000000
TRISA1                            00000001
TRISA2                            00000002
TRISA3                            00000003
TRISA4                            00000004
TRISB                             00000086
TRISB0                            00000000
TRISB1                            00000001
TRISB2                            00000002
TRISB3                            00000003
TRISB4                            00000004
TRISB5                            00000005
TRISB6                            00000006
TRISB7                            00000007
W                                 00000000
WR                                00000001
WREN                              00000002
WRERR                             00000003
Z                                 00000002
_CONFIG                           00002007
_CP_OFF                           00003FFF
_CP_ON                            0000000F
_DEVID1                           00002006
_FOSC_EXTRC                       00003FFF
_FOSC_HS                          00003FFE
_FOSC_LP                          00003FFC
_FOSC_XT                          00003FFD
_HS_OSC                           00003FFE
_IDLOC0                           00002000
_IDLOC1                           00002001
_IDLOC2                           00002002
_IDLOC3                           00002003
_LP_OSC                           00003FFC
_PWRTE_OFF                        00003FFF
_PWRTE_ON                         00003FF7
_RC_OSC                           00003FFF
_WDTE_OFF                         00003FFB
_WDTE_ON                          00003FFF
_WDT_OFF                          00003FFB
_WDT_ON                           00003FFF
_XT_OSC                           00003FFD
__16F84A                          00000001
MPASM 5.67                          ACT3.ASM   5-3-2021  18:36:37         PAGE  4


MEMORY USAGE MAP ('X' = Used,  '-' = Unused)


0000 : X----XXXXXXXXXXX XXXX------------ ---------------- ----------------

All other memory blocks unused.

Program Memory Words Used:    16
Program Memory Words Free:  1008


Errors   :     0
Warnings :     3 reported,     0 suppressed
Messages :     2 reported,     0 suppressed

