MPASM 5.67                          ACT8.ASM   5-3-2021  19:24:24         PAGE  1


LOC  OBJECT CODE     LINE SOURCE TEXT
  VALUE

                      00001     List P=16F84A                           ; Procesador PIC16f84A
                      00002     #include "p16f84a.inc"                  ;Incluye las librerias 
                      00001         LIST
                      00002 
                      00003 ;==========================================================================
                      00004 ; Build date : Mar 21 2016
                      00005 ;  MPASM PIC16F84A processor include
                      00006 ; 
                      00007 ;  (c) Copyright 1999-2016 Microchip Technology, All rights reserved
                      00008 ;==========================================================================
                      00009 
                      00209         LIST
                      00003     ; CONFIGURACION DEL PIC16F84A
2007   3FF1           00004         __CONFIG _FOSC_XT & _WDTE_OFF & _PWRTE_ON & _CP_OFF
                      00005     
                      00006     ;Definimos Variables 
                      00007   
                      00008     CBLOCK              0x0C
  0000000C            00009         TMR0_Carga10ms
  0000000D            00010         FLAG
                      00011     ENDC
                      00012     ;CODIGO
0000                  00013         ORG             0
Warning[207]: Found label after column 1. (INICIO)
0000                  00014     INICIO
0000   1683           00015         bsf     STATUS,RP0
0001   3005           00016         movlw   b'00000101'
Message[302]: Register in operand not in bank 0.  Ensure that bank bits are correct.
0002   0081           00017         movwf   OPTION_REG      ;Prescaler de 64 asignado al TMR0
0003   1283           00018         bcf     STATUS,RP0
0004   3064           00019         movlw   d'100'
0005   008C           00020         movwf   TMR0_Carga10ms
Warning[207]: Found label after column 1. (START)
0006                  00021     START
0006   018D           00022         CLRF    FLAG
0007   2008           00023         call    Retcs ;Llamamos a la funcion de retardo de 10ms (1 centesima de segundo)
Warning[207]: Found label after column 1. (Retcs)
0008                  00024     Retcs
Message[305]: Using default destination of 1 (file).
0008   0A8D           00025         INCF    FLAG
0009   300C           00026         movlw   TMR0_Carga10ms  ;Carga el Timer0 con el valor que queremos para 10ms
000A   0081           00027         movwf   TMR0
000B   110B           00028         bcf     INTCON,T0IF     ;Reseteamos el Flag de desbordamiento del TMR0
Warning[207]: Found label after column 1. (Timer0_Desbordamiento)
000C                  00029     Timer0_Desbordamiento
000C   1D0B           00030         btfss   INTCON,T0IF     ;Comprobamos el desbordamiento en el TMR0
000D   280C           00031         goto    Timer0_Desbordamiento   ;Si aun no se ha desbordado repite la operacion
000E   0008           00032         return
                      00033     END
MPASM 5.67                          ACT8.ASM   5-3-2021  19:24:24         PAGE  2


SYMBOL TABLE
  LABEL                             VALUE 

C                                 00000000
DC                                00000001
EEADR                             00000009
EECON1                            00000088
EECON2                            00000089
EEDATA                            00000008
EEIE                              00000006
EEIF                              00000004
F                                 00000001
FLAG                              0000000D
FSR                               00000004
GIE                               00000007
INDF                              00000000
INICIO                            00000000
INTCON                            0000000B
INTE                              00000004
INTEDG                            00000006
INTF                              00000001
IRP                               00000007
NOT_PD                            00000003
NOT_RBPU                          00000007
NOT_TO                            00000004
OPTION_REG                        00000081
PCL                               00000002
PCLATH                            0000000A
PORTA                             00000005
PORTB                             00000006
PS0                               00000000
PS1                               00000001
PS2                               00000002
PSA                               00000003
RA0                               00000000
RA1                               00000001
RA2                               00000002
RA3                               00000003
RA4                               00000004
RB0                               00000000
RB1                               00000001
RB2                               00000002
RB3                               00000003
RB4                               00000004
RB5                               00000005
RB6                               00000006
RB7                               00000007
RBIE                              00000003
RBIF                              00000000
RD                                00000000
RP0                               00000005
RP1                               00000006
Retcs                             00000008
START                             00000006
STATUS                            00000003
T0CS                              00000005
MPASM 5.67                          ACT8.ASM   5-3-2021  19:24:24         PAGE  3


SYMBOL TABLE
  LABEL                             VALUE 

T0IE                              00000005
T0IF                              00000002
T0SE                              00000004
TMR0                              00000001
TMR0IE                            00000005
TMR0IF                            00000002
TMR0_Carga10ms                    0000000C
TRISA                             00000085
TRISA0                            00000000
TRISA1                            00000001
TRISA2                            00000002
TRISA3                            00000003
TRISA4                            00000004
TRISB                             00000086
TRISB0                            00000000
TRISB1                            00000001
TRISB2                            00000002
TRISB3                            00000003
TRISB4                            00000004
TRISB5                            00000005
TRISB6                            00000006
TRISB7                            00000007
Timer0_Desbordamiento             0000000C
W                                 00000000
WR                                00000001
WREN                              00000002
WRERR                             00000003
Z                                 00000002
_CONFIG                           00002007
_CP_OFF                           00003FFF
_CP_ON                            0000000F
_DEVID1                           00002006
_FOSC_EXTRC                       00003FFF
_FOSC_HS                          00003FFE
_FOSC_LP                          00003FFC
_FOSC_XT                          00003FFD
_HS_OSC                           00003FFE
_IDLOC0                           00002000
_IDLOC1                           00002001
_IDLOC2                           00002002
_IDLOC3                           00002003
_LP_OSC                           00003FFC
_PWRTE_OFF                        00003FFF
_PWRTE_ON                         00003FF7
_RC_OSC                           00003FFF
_WDTE_OFF                         00003FFB
_WDTE_ON                          00003FFF
_WDT_OFF                          00003FFB
_WDT_ON                           00003FFF
_XT_OSC                           00003FFD
__16F84A                          00000001
MPASM 5.67                          ACT8.ASM   5-3-2021  19:24:24         PAGE  4


MEMORY USAGE MAP ('X' = Used,  '-' = Unused)


0000 : XXXXXXXXXXXXXXX- ---------------- ---------------- ----------------
2000 : -------X-------- ---------------- ---------------- ----------------

All other memory blocks unused.

Program Memory Words Used:    15
Program Memory Words Free:  1009


Errors   :     0
Warnings :     4 reported,     0 suppressed
Messages :     2 reported,     0 suppressed

